#
# A fatal error has been detected by the Java Runtime Environment:
#
#  SIGSEGV (0xb) at pc=0x00007f6cc5bea020, pid=5319, tid=0x00007f6cbb888700
#
# JRE version: OpenJDK Runtime Environment (8.0_171-b11) (build 1.8.0_171-8u171-b11-1~deb9u1-b11)
# Java VM: OpenJDK 64-Bit Server VM (25.171-b11 mixed mode linux-amd64 compressed oops)
# Problematic frame:
# C  0x00007f6cc5bea020
#
# Failed to write core dump. Core dumps have been disabled. To enable core dumping, try "ulimit -c unlimited" before starting Java again
#
# If you would like to submit a bug report, please visit:
#   http://bugreport.java.com/bugreport/crash.jsp
#

---------------  T H R E A D  ---------------

Current thread (0x00007f6d14368800):  JavaThread "AWT-EventQueue-1" [_thread_in_Java, id=5337, stack(0x00007f6cbb788000,0x00007f6cbb889000)]

siginfo: si_signo: 11 (SIGSEGV), si_code: 2 (SEGV_ACCERR), si_addr: 0x00007f6cc5bea020

Registers:
RAX=0x00007f6cfb895ec8, RBX=0x0000000000000066, RCX=0x0000000000000066, RDX=0x0000000000000083
RSP=0x00007f6cbb885138, RBP=0x00007f6cbb885260, RSI=0x000000000000008a, RDI=0x00000000ff8a8366
R8 =0x00000000000000ff, R9 =0x00000000000000ff, R10=0x00007f6d1a46f920, R11=0x00007f6d04ddaba0
R12=0x0000000000000000, R13=0x00007f6cbb8851f0, R14=0x00007f6cbb8852e8, R15=0x00007f6d14368800
RIP=0x00007f6cc5bea020, EFLAGS=0x0000000000010206, CSGSFS=0x002b000000000033, ERR=0x0000000000000014
  TRAPNO=0x000000000000000e

Top of Stack: (sp=0x00007f6cbb885138)
0x00007f6cbb885138:   00007f6d04ddb04c 00007f6cbb885260
0x00007f6cbb885148:   00007f6d04dda70c 00007f6cbb885260
0x00007f6cbb885158:   00007f6d04de8a5c 00007f6cfb88b960
0x00007f6cbb885168:   00000000d7106690 00007f6cbb8851a0
0x00007f6cbb885178:   00007f6cbb8851a0 00007f6cbb885260
0x00007f6cbb885188:   00007f6d04ddac04 00007f6cbb885260
0x00007f6cbb885198:   00007f6d04dec2ec 00007f6cbb885260
0x00007f6cbb8851a8:   00007f6d04de158c ffffffffffffffff
0x00007f6cbb8851b8:   00007f6cfb88b960 00000000d7106690
0x00007f6cbb8851c8:   0000016500000013 00007f6cbb885260
0x00007f6cbb8851d8:   00007f6d04becffd 00007f6cbb885260
0x00007f6cbb8851e8:   00007f6d04becffd 0000000000000066
0x00007f6cbb8851f8:   0000000000000083 000000000000008a
0x00007f6cbb885208:   00000000d7cce450 00000000d7cce450
0x00007f6cbb885218:   00000000d7106690 00007f6cbb885220
0x00007f6cbb885228:   00007f6cfb819c6a 00007f6cbb8852e8
0x00007f6cbb885238:   00007f6cfbb21828 0000000000000000
0x00007f6cbb885248:   00007f6cfb819cb0 00007f6cbb8851f0
0x00007f6cbb885258:   00007f6cbb8852e0 00007f6cbb885340
0x00007f6cbb885268:   00007f6d04becffd 0000000000000000
0x00007f6cbb885278:   0000000000000066 0000000000000083
0x00007f6cbb885288:   000000000000008a 00000000d7cce418
0x00007f6cbb885298:   0000000000000166 0000000000000013
0x00007f6cbb8852a8:   0000000000000001 0000000000000001
0x00007f6cbb8852b8:   00000000000002be 00000000000002c0
0x00007f6cbb8852c8:   0000000000000000 0000000000000000
0x00007f6cbb8852d8:   00000000d7106690 00000000d7106690
0x00007f6cbb8852e8:   00000000d6a75fc8 0000000000000000
0x00007f6cbb8852f8:   00000000d6667a80 00007f6cbb8852f0
0x00007f6cbb885308:   00007f6cfb6692dd 00007f6cbb8853f0
0x00007f6cbb885318:   00007f6cfba4ec28 0000000000000000
0x00007f6cbb885328:   00007f6cfb669410 00007f6cbb8852e0 

Instructions: (pc=0x00007f6cc5bea020)
0x00007f6cc5bea000:   
[error occurred during error reporting (printing registers, top of stack, instructions near pc), id 0xb]

Register to memory mapping:

RAX={method} {0x00007f6cfb895ec8} '<init>' '(III)V' in 'java/awt/Color'
RBX=0x0000000000000066 is an unknown value
RCX=0x0000000000000066 is an unknown value
RDX=0x0000000000000083 is an unknown value
RSP=0x00007f6cbb885138 is pointing into the stack for thread: 0x00007f6d14368800
RBP=0x00007f6cbb885260 is pointing into the stack for thread: 0x00007f6d14368800
RSI=0x000000000000008a is an unknown value
RDI=0x00000000ff8a8366 is an unallocated location in the heap
R8 =0x00000000000000ff is an unknown value
R9 =0x00000000000000ff is an unknown value
R10=0x00007f6d1a46f920: <offset 0xf3a920> in /usr/lib/jvm/java-8-openjdk-amd64/jre/lib/amd64/server/libjvm.so at 0x00007f6d19535000
R11=0x00007f6d04ddaba0 is at entry_point+32 in (nmethod*)0x00007f6d04ddaa10
R12=0x0000000000000000 is an unknown value
R13=0x00007f6cbb8851f0 is pointing into the stack for thread: 0x00007f6d14368800
R14=0x00007f6cbb8852e8 is pointing into the stack for thread: 0x00007f6d14368800
R15=0x00007f6d14368800 is a thread


Stack: [0x00007f6cbb788000,0x00007f6cbb889000],  sp=0x00007f6cbb885138,  free space=1012k
Native frames: (J=compiled Java code, j=interpreted, Vv=VM code, C=native code)
C  0x00007f6cc5bea020
j  javax.swing.JComponent.paintChildren(Ljava/awt/Graphics;)V+501
j  javax.swing.JComponent.paint(Ljava/awt/Graphics;)V+318
j  javax.swing.JComponent.paintChildren(Ljava/awt/Graphics;)V+501
j  javax.swing.JComponent.paint(Ljava/awt/Graphics;)V+318
j  javax.swing.JLayeredPane.paint(Ljava/awt/Graphics;)V+73
j  javax.swing.JComponent.paintChildren(Ljava/awt/Graphics;)V+501
j  javax.swing.JComponent.paintToOffscreen(Ljava/awt/Graphics;IIIIII)V+72
j  javax.swing.BufferStrategyPaintManager.paint(Ljavax/swing/JComponent;Ljavax/swing/JComponent;Ljava/awt/Graphics;IIII)Z+164
j  javax.swing.RepaintManager.paint(Ljavax/swing/JComponent;Ljavax/swing/JComponent;Ljava/awt/Graphics;IIII)V+51
j  javax.swing.JComponent.paint(Ljava/awt/Graphics;)V+221
j  java.awt.GraphicsCallback$PaintCallback.run(Ljava/awt/Component;Ljava/awt/Graphics;)V+2
j  sun.awt.SunGraphicsCallback.runOneComponent(Ljava/awt/Component;Ljava/awt/Rectangle;Ljava/awt/Graphics;Ljava/awt/Shape;I)V+155
j  sun.awt.SunGraphicsCallback.runComponents([Ljava/awt/Component;Ljava/awt/Graphics;I)V+194
j  java.awt.Container.paint(Ljava/awt/Graphics;)V+58
j  java.awt.Window.paint(Ljava/awt/Graphics;)V+68
j  javax.swing.RepaintManager$4.run()Ljava/lang/Void;+142
j  javax.swing.RepaintManager$4.run()Ljava/lang/Object;+1
v  ~StubRoutines::call_stub
V  [libjvm.so+0x665d13]
V  [libjvm.so+0x6b2c3a]  JVM_DoPrivileged+0x46a
j  java.security.AccessController.doPrivileged(Ljava/security/PrivilegedAction;Ljava/security/AccessControlContext;)Ljava/lang/Object;+0
j  java.security.ProtectionDomain$JavaSecurityAccessImpl.doIntersectionPrivilege(Ljava/security/PrivilegedAction;Ljava/security/AccessControlContext;Ljava/security/AccessControlContext;)Ljava/lang/Object;+18
j  javax.swing.RepaintManager.paintDirtyRegions(Ljava/util/Map;)V+154
j  javax.swing.RepaintManager.paintDirtyRegions()V+46
j  javax.swing.RepaintManager.prePaintDirtyRegions()V+73
j  javax.swing.RepaintManager.access$1200(Ljavax/swing/RepaintManager;)V+1
j  javax.swing.RepaintManager$ProcessingRunnable.run()V+37
j  java.awt.event.InvocationEvent.dispatch()V+47
j  java.awt.EventQueue.dispatchEventImpl(Ljava/awt/AWTEvent;Ljava/lang/Object;)V+21
j  java.awt.EventQueue.access$500(Ljava/awt/EventQueue;Ljava/awt/AWTEvent;Ljava/lang/Object;)V+3
j  java.awt.EventQueue$3.run()Ljava/lang/Void;+32
j  java.awt.EventQueue$3.run()Ljava/lang/Object;+1
v  ~StubRoutines::call_stub
V  [libjvm.so+0x665d13]
V  [libjvm.so+0x6b2c3a]  JVM_DoPrivileged+0x46a
j  java.security.AccessController.doPrivileged(Ljava/security/PrivilegedAction;Ljava/security/AccessControlContext;)Ljava/lang/Object;+0
j  java.security.ProtectionDomain$JavaSecurityAccessImpl.doIntersectionPrivilege(Ljava/security/PrivilegedAction;Ljava/security/AccessControlContext;Ljava/security/AccessControlContext;)Ljava/lang/Object;+18
j  java.awt.EventQueue.dispatchEvent(Ljava/awt/AWTEvent;)V+46
j  org.GNOME.Accessibility.AtkWrapper$5.dispatchEvent(Ljava/awt/AWTEvent;)V+100
j  java.awt.EventDispatchThread.pumpOneEventForFilters(I)V+140
j  java.awt.EventDispatchThread.pumpEventsForFilter(ILjava/awt/Conditional;Ljava/awt/EventFilter;)V+35
j  java.awt.EventDispatchThread.pumpEventsForHierarchy(ILjava/awt/Conditional;Ljava/awt/Component;)V+11
j  java.awt.EventDispatchThread.pumpEvents(ILjava/awt/Conditional;)V+4
j  java.awt.EventDispatchThread.pumpEvents(Ljava/awt/Conditional;)V+3
j  java.awt.EventDispatchThread.run()V+9
v  ~StubRoutines::call_stub
V  [libjvm.so+0x665d13]
V  [libjvm.so+0x663277]
V  [libjvm.so+0x663857]
V  [libjvm.so+0x6a4fe4]
V  [libjvm.so+0xa160ab]
V  [libjvm.so+0xa1656f]
V  [libjvm.so+0x8bbfd2]
C  [libpthread.so.0+0x7494]  start_thread+0xc4


---------------  P R O C E S S  ---------------

Java Threads: ( => current thread )
  0x00007f6cbc00a000 JavaThread "Thread-0" daemon [_thread_in_native, id=5335, stack(0x00007f6cc0033000,0x00007f6cc0834000)]
  0x00007f6d1400a800 JavaThread "DestroyJavaVM" [_thread_blocked, id=5320, stack(0x00007f6d1b160000,0x00007f6d1b261000)]
=>0x00007f6d14368800 JavaThread "AWT-EventQueue-1" [_thread_in_Java, id=5337, stack(0x00007f6cbb788000,0x00007f6cbb889000)]
  0x00007f6d14366800 JavaThread "AWT-Shutdown" [_thread_blocked, id=5336, stack(0x00007f6cbb889000,0x00007f6cbb98a000)]
  0x00007f6d142cd000 JavaThread "process reaper" daemon [_thread_blocked, id=5334, stack(0x00007f6cf805c000,0x00007f6cf8095000)]
  0x00007f6d142bb000 JavaThread "AWT-XAWT" daemon [_thread_in_native, id=5332, stack(0x00007f6cd38bb000,0x00007f6cd39bc000)]
  0x00007f6d14293800 JavaThread "Java2D Disposer" daemon [_thread_blocked, id=5331, stack(0x00007f6cf8095000,0x00007f6cf8196000)]
  0x00007f6d140cc000 JavaThread "Service Thread" daemon [_thread_blocked, id=5329, stack(0x00007f6cfa09f000,0x00007f6cfa1a0000)]
  0x00007f6d140b7000 JavaThread "C1 CompilerThread1" daemon [_thread_blocked, id=5328, stack(0x00007f6cfa1a0000,0x00007f6cfa2a1000)]
  0x00007f6d140b4000 JavaThread "C2 CompilerThread0" daemon [_thread_in_native, id=5327, stack(0x00007f6cfa2a1000,0x00007f6cfa3a2000)]
  0x00007f6d140b2800 JavaThread "Signal Dispatcher" daemon [_thread_blocked, id=5326, stack(0x00007f6cfa3a2000,0x00007f6cfa4a3000)]
  0x00007f6d14080000 JavaThread "Finalizer" daemon [_thread_blocked, id=5325, stack(0x00007f6cfa63e000,0x00007f6cfa73f000)]
  0x00007f6d1407b800 JavaThread "Reference Handler" daemon [_thread_blocked, id=5324, stack(0x00007f6cfa73f000,0x00007f6cfa840000)]

Other Threads:
  0x00007f6d14073800 VMThread [stack: 0x00007f6cfa840000,0x00007f6cfa941000] [id=5323]
  0x00007f6d140ce800 WatcherThread [stack: 0x00007f6cf9f9e000,0x00007f6cfa09f000] [id=5330]

VM state:not at safepoint (normal execution)

VM Mutex/Monitor currently owned by a thread: None

Heap:
 PSYoungGen      total 37888K, used 23700K [0x00000000d6600000, 0x00000000d9000000, 0x0000000100000000)
  eden space 32768K, 72% used [0x00000000d6600000,0x00000000d7d25280,0x00000000d8600000)
  from space 5120K, 0% used [0x00000000d8b00000,0x00000000d8b00000,0x00000000d9000000)
  to   space 5120K, 0% used [0x00000000d8600000,0x00000000d8600000,0x00000000d8b00000)
 ParOldGen       total 86016K, used 0K [0x0000000083200000, 0x0000000088600000, 0x00000000d6600000)
  object space 86016K, 0% used [0x0000000083200000,0x0000000083200000,0x0000000088600000)
 Metaspace       used 9941K, capacity 10210K, committed 10496K, reserved 1058816K
  class space    used 1108K, capacity 1204K, committed 1280K, reserved 1048576K

Card table byte_map: [0x00007f6d0443d000,0x00007f6d04825000] byte_map_base: 0x00007f6d04024000

Marking Bits: (ParMarkBitMap*) 0x00007f6d1a45e320
 Begin Bits: [0x00007f6d00131000, 0x00007f6d02069000)
 End Bits:   [0x00007f6d02069000, 0x00007f6d03fa1000)

Polling page: 0x00007f6d1b283000

CodeCache: size=245760Kb used=2198Kb max_used=2209Kb free=243561Kb
 bounds [0x00007f6d04be5000, 0x00007f6d04e55000, 0x00007f6d13be5000]
 total_blobs=995 nmethods=497 adapters=414
 compilation: enabled

Compilation events (10 events):
Event: 0.687 Thread 0x00007f6d140b4000 nmethod 494 0x00007f6d04dff610 code [0x00007f6d04dff7a0, 0x00007f6d04dffa78]
Event: 0.687 Thread 0x00007f6d140b4000  486       4       sun.java2d.pipe.Region::clipAdd (40 bytes)
Event: 0.687 Thread 0x00007f6d140b4000 nmethod 486 0x00007f6d04dfe9d0 code [0x00007f6d04dfeb20, 0x00007f6d04dfeb98]
Event: 0.687 Thread 0x00007f6d140b4000  491       4       sun.java2d.xr.XRCompositeManager::maskRequired (48 bytes)
Event: 0.688 Thread 0x00007f6d140b4000 nmethod 491 0x00007f6d04e03bd0 code [0x00007f6d04e03d40, 0x00007f6d04e03e58]
Event: 0.688 Thread 0x00007f6d140b4000  495       4       sun.java2d.xr.MaskTileManager::fillMask (269 bytes)
Event: 0.697 Thread 0x00007f6d140b4000 nmethod 495 0x00007f6d04e09690 code [0x00007f6d04e09880, 0x00007f6d04e09cf8]
Event: 0.697 Thread 0x00007f6d140b4000  499       4       java.awt.Color::testColorValueRange (186 bytes)
Event: 0.698 Thread 0x00007f6d140b4000 nmethod 499 0x00007f6d04e07d50 code [0x00007f6d04e07ea0, 0x00007f6d04e07ff8]
Event: 0.698 Thread 0x00007f6d140b4000  498       4       java.awt.Color::<init> (33 bytes)

GC Heap History (0 events):
No events

Deoptimization events (1 events):
Event: 0.513 Thread 0x00007f6d14368800 Uncommon trap: reason=unstable_if action=reinterpret pc=0x00007f6d04ddcaa8 method=sun.java2d.loops.ProcessPath.TESTANDCLIP(FF[FIIII)I @ 16

Classes redefined (0 events):
No events

Internal exceptions (10 events):
Event: 0.073 Thread 0x00007f6d1400a800 Exception <a 'java/security/PrivilegedActionException'> (0x00000000d667b3c8) thrown at [/build/openjdk-8-8u171-b11/src/hotspot/src/share/vm/prims/jvm.cpp, line 1435]
Event: 0.073 Thread 0x00007f6d1400a800 Exception <a 'java/security/PrivilegedActionException'> (0x00000000d667b5d8) thrown at [/build/openjdk-8-8u171-b11/src/hotspot/src/share/vm/prims/jvm.cpp, line 1435]
Event: 0.073 Thread 0x00007f6d1400a800 Exception <a 'java/security/PrivilegedActionException'> (0x00000000d667d660) thrown at [/build/openjdk-8-8u171-b11/src/hotspot/src/share/vm/prims/jvm.cpp, line 1435]
Event: 0.073 Thread 0x00007f6d1400a800 Exception <a 'java/security/PrivilegedActionException'> (0x00000000d667d870) thrown at [/build/openjdk-8-8u171-b11/src/hotspot/src/share/vm/prims/jvm.cpp, line 1435]
Event: 0.073 Thread 0x00007f6d1400a800 Exception <a 'java/security/PrivilegedActionException'> (0x00000000d667e348) thrown at [/build/openjdk-8-8u171-b11/src/hotspot/src/share/vm/prims/jvm.cpp, line 1435]
Event: 0.073 Thread 0x00007f6d1400a800 Exception <a 'java/security/PrivilegedActionException'> (0x00000000d667e558) thrown at [/build/openjdk-8-8u171-b11/src/hotspot/src/share/vm/prims/jvm.cpp, line 1435]
Event: 0.115 Thread 0x00007f6d1400a800 Exception <a 'java/lang/NoSuchFieldError': method resolution failed> (0x00000000d67f2780) thrown at [/build/openjdk-8-8u171-b11/src/hotspot/src/share/vm/prims/methodHandles.cpp, line 1167]
Event: 0.117 Thread 0x00007f6d1400a800 Exception <a 'java/lang/NoSuchFieldError': method resolution failed> (0x00000000d67fff80) thrown at [/build/openjdk-8-8u171-b11/src/hotspot/src/share/vm/prims/methodHandles.cpp, line 1167]
Event: 0.134 Thread 0x00007f6d1400a800 Exception <a 'java/io/FileNotFoundException'> (0x00000000d687e258) thrown at [/build/openjdk-8-8u171-b11/src/hotspot/src/share/vm/prims/jni.cpp, line 709]
Event: 0.150 Thread 0x00007f6d1400a800 Exception <a 'java/lang/ClassNotFoundException': sun/dc/DuctusRenderingEngine> (0x00000000d68996b8) thrown at [/build/openjdk-8-8u171-b11/src/hotspot/src/share/vm/classfile/systemDictionary.cpp, line 210]

Events (10 events):
Event: 0.502 loading class java/awt/SequencedEvent done
Event: 0.502 loading class java/awt/SequencedEvent$1
Event: 0.502 loading class sun/awt/AWTAccessor$SequencedEventAccessor
Event: 0.502 loading class sun/awt/AWTAccessor$SequencedEventAccessor done
Event: 0.502 loading class java/awt/SequencedEvent$1 done
Event: 0.502 loading class sun/awt/X11/XComponentPeer$1
Event: 0.502 loading class sun/awt/X11/XComponentPeer$1 done
Event: 0.513 Thread 0x00007f6d14368800 Uncommon trap: trap_request=0xffffff65 fr.pc=0x00007f6d04ddcaa8
Event: 0.513 Thread 0x00007f6d14368800 DEOPT PACKING pc=0x00007f6d04ddcaa8 sp=0x00007f6cbb884d30
Event: 0.513 Thread 0x00007f6d14368800 DEOPT UNPACKING pc=0x00007f6d04c2a47a sp=0x00007f6cbb884cc8 mode 2


Dynamic libraries:
83200000-88600000 rw-p 00000000 00:00 0 
88600000-d6600000 ---p 00000000 00:00 0 
d6600000-d9000000 rw-p 00000000 00:00 0 
d9000000-100000000 ---p 00000000 00:00 0 
100000000-100140000 rw-p 00000000 00:00 0 
100140000-140000000 ---p 00000000 00:00 0 
5582f9eb0000-5582f9eb1000 r-xp 00000000 09:00 10355406                   /usr/lib/jvm/java-8-openjdk-amd64/jre/bin/java
5582fa0b0000-5582fa0b1000 r--p 00000000 09:00 10355406                   /usr/lib/jvm/java-8-openjdk-amd64/jre/bin/java
5582fa0b1000-5582fa0b2000 rw-p 00001000 09:00 10355406                   /usr/lib/jvm/java-8-openjdk-amd64/jre/bin/java
5582fb53a000-5582fb55b000 rw-p 00000000 00:00 0                          [heap]
7f6cbb788000-7f6cbb78b000 ---p 00000000 00:00 0 
7f6cbb78b000-7f6cbb889000 rw-p 00000000 00:00 0 
7f6cbb889000-7f6cbb88c000 ---p 00000000 00:00 0 
7f6cbb88c000-7f6cbb98a000 rw-p 00000000 00:00 0 
7f6cbb98a000-7f6cbba8a000 rw-p 00000000 00:00 0 
7f6cbba8a000-7f6cbbb8a000 ---p 00000000 00:00 0 
7f6cbbb8a000-7f6cbbbf3000 r-xp 00000000 09:00 9572754                    /usr/lib/x86_64-linux-gnu/libjpeg.so.62.2.0
7f6cbbbf3000-7f6cbbdf3000 ---p 00069000 09:00 9572754                    /usr/lib/x86_64-linux-gnu/libjpeg.so.62.2.0
7f6cbbdf3000-7f6cbbdf4000 r--p 00069000 09:00 9572754                    /usr/lib/x86_64-linux-gnu/libjpeg.so.62.2.0
7f6cbbdf4000-7f6cbbdf5000 rw-p 0006a000 09:00 9572754                    /usr/lib/x86_64-linux-gnu/libjpeg.so.62.2.0
7f6cbbdf5000-7f6cbbdff000 r-xp 00000000 09:00 10355435                   /usr/lib/jvm/java-8-openjdk-amd64/jre/lib/amd64/libjavajpeg.so
7f6cbbdff000-7f6cbbffe000 ---p 0000a000 09:00 10355435                   /usr/lib/jvm/java-8-openjdk-amd64/jre/lib/amd64/libjavajpeg.so
7f6cbbffe000-7f6cbbfff000 r--p 00009000 09:00 10355435                   /usr/lib/jvm/java-8-openjdk-amd64/jre/lib/amd64/libjavajpeg.so
7f6cbbfff000-7f6cbc000000 rw-p 0000a000 09:00 10355435                   /usr/lib/jvm/java-8-openjdk-amd64/jre/lib/amd64/libjavajpeg.so
7f6cbc000000-7f6cbc026000 rw-p 00000000 00:00 0 
7f6cbc026000-7f6cc0000000 ---p 00000000 00:00 0 
7f6cc0033000-7f6cc0036000 ---p 00000000 00:00 0 
7f6cc0036000-7f6cc0834000 rw-p 00000000 00:00 0 
7f6cc0834000-7f6cc0838000 r-xp 00000000 09:00 28049511                   /lib/x86_64-linux-gnu/libuuid.so.1.3.0
7f6cc0838000-7f6cc0a37000 ---p 00004000 09:00 28049511                   /lib/x86_64-linux-gnu/libuuid.so.1.3.0
7f6cc0a37000-7f6cc0a38000 r--p 00003000 09:00 28049511                   /lib/x86_64-linux-gnu/libuuid.so.1.3.0
7f6cc0a38000-7f6cc0a39000 rw-p 00004000 09:00 28049511                   /lib/x86_64-linux-gnu/libuuid.so.1.3.0
7f6cc0a39000-7f6cc0a64000 r-xp 00000000 09:00 9575711                    /usr/lib/x86_64-linux-gnu/libgraphite2.so.3.0.1
7f6cc0a64000-7f6cc0c63000 ---p 0002b000 09:00 9575711                    /usr/lib/x86_64-linux-gnu/libgraphite2.so.3.0.1
7f6cc0c63000-7f6cc0c65000 r--p 0002a000 09:00 9575711                    /usr/lib/x86_64-linux-gnu/libgraphite2.so.3.0.1
7f6cc0c65000-7f6cc0c66000 rw-p 0002c000 09:00 9575711                    /usr/lib/x86_64-linux-gnu/libgraphite2.so.3.0.1
7f6cc0c66000-7f6cc0ca7000 r-xp 00000000 09:00 28049505                   /lib/x86_64-linux-gnu/libblkid.so.1.1.0
7f6cc0ca7000-7f6cc0ea6000 ---p 00041000 09:00 28049505                   /lib/x86_64-linux-gnu/libblkid.so.1.1.0
7f6cc0ea6000-7f6cc0eaa000 r--p 00040000 09:00 28049505                   /lib/x86_64-linux-gnu/libblkid.so.1.1.0
7f6cc0eaa000-7f6cc0eab000 rw-p 00044000 09:00 28049505                   /lib/x86_64-linux-gnu/libblkid.so.1.1.0
7f6cc0eab000-7f6cc0eac000 rw-p 00000000 00:00 0 
7f6cc0eac000-7f6cc0ebf000 r-xp 00000000 09:00 28049458                   /lib/x86_64-linux-gnu/libgpg-error.so.0.21.0
7f6cc0ebf000-7f6cc10be000 ---p 00013000 09:00 28049458                   /lib/x86_64-linux-gnu/libgpg-error.so.0.21.0
7f6cc10be000-7f6cc10bf000 r--p 00012000 09:00 28049458                   /lib/x86_64-linux-gnu/libgpg-error.so.0.21.0
7f6cc10bf000-7f6cc10c0000 rw-p 00013000 09:00 28049458                   /lib/x86_64-linux-gnu/libgpg-error.so.0.21.0
7f6cc10c0000-7f6cc10c7000 r-xp 00000000 09:00 9575467                    /usr/lib/x86_64-linux-gnu/libdatrie.so.1.3.3
7f6cc10c7000-7f6cc12c6000 ---p 00007000 09:00 9575467                    /usr/lib/x86_64-linux-gnu/libdatrie.so.1.3.3
7f6cc12c6000-7f6cc12c7000 r--p 00006000 09:00 9575467                    /usr/lib/x86_64-linux-gnu/libdatrie.so.1.3.3
7f6cc12c7000-7f6cc12c8000 rw-p 00007000 09:00 9575467                    /usr/lib/x86_64-linux-gnu/libdatrie.so.1.3.3
7f6cc12c8000-7f6cc135b000 r-xp 00000000 09:00 9575717                    /usr/lib/x86_64-linux-gnu/libharfbuzz.so.0.10400.2
7f6cc135b000-7f6cc155a000 ---p 00093000 09:00 9575717                    /usr/lib/x86_64-linux-gnu/libharfbuzz.so.0.10400.2
7f6cc155a000-7f6cc155c000 r--p 00092000 09:00 9575717                    /usr/lib/x86_64-linux-gnu/libharfbuzz.so.0.10400.2
7f6cc155c000-7f6cc155d000 rw-p 00094000 09:00 9575717                    /usr/lib/x86_64-linux-gnu/libharfbuzz.so.0.10400.2
7f6cc155d000-7f6cc1584000 r-xp 00000000 09:00 28050053                   /lib/x86_64-linux-gnu/libexpat.so.1.6.2
7f6cc1584000-7f6cc1784000 ---p 00027000 09:00 28050053                   /lib/x86_64-linux-gnu/libexpat.so.1.6.2
7f6cc1784000-7f6cc1786000 r--p 00027000 09:00 28050053                   /lib/x86_64-linux-gnu/libexpat.so.1.6.2
7f6cc1786000-7f6cc1787000 rw-p 00029000 09:00 28050053                   /lib/x86_64-linux-gnu/libexpat.so.1.6.2
7f6cc1787000-7f6cc17d1000 r-xp 00000000 09:00 28049589                   /lib/x86_64-linux-gnu/libmount.so.1.1.0
7f6cc17d1000-7f6cc19d1000 ---p 0004a000 09:00 28049589                   /lib/x86_64-linux-gnu/libmount.so.1.1.0
7f6cc19d1000-7f6cc19d2000 r--p 0004a000 09:00 28049589                   /lib/x86_64-linux-gnu/libmount.so.1.1.0
7f6cc19d2000-7f6cc19d3000 rw-p 0004b000 09:00 28049589                   /lib/x86_64-linux-gnu/libmount.so.1.1.0
7f6cc19d3000-7f6cc19d5000 rw-p 00000000 00:00 0 
7f6cc19d5000-7f6cc19e9000 r-xp 00000000 09:00 28049432                   /lib/x86_64-linux-gnu/libresolv-2.24.so
7f6cc19e9000-7f6cc1be8000 ---p 00014000 09:00 28049432                   /lib/x86_64-linux-gnu/libresolv-2.24.so
7f6cc1be8000-7f6cc1be9000 r--p 00013000 09:00 28049432                   /lib/x86_64-linux-gnu/libresolv-2.24.so
7f6cc1be9000-7f6cc1bea000 rw-p 00014000 09:00 28049432                   /lib/x86_64-linux-gnu/libresolv-2.24.so
7f6cc1bea000-7f6cc1bec000 rw-p 00000000 00:00 0 
7f6cc1bec000-7f6cc1cf3000 r-xp 00000000 09:00 28050047                   /lib/x86_64-linux-gnu/libgcrypt.so.20.1.6
7f6cc1cf3000-7f6cc1ef3000 ---p 00107000 09:00 28050047                   /lib/x86_64-linux-gnu/libgcrypt.so.20.1.6
7f6cc1ef3000-7f6cc1ef5000 r--p 00107000 09:00 28050047                   /lib/x86_64-linux-gnu/libgcrypt.so.20.1.6
7f6cc1ef5000-7f6cc1efc000 rw-p 00109000 09:00 28050047                   /lib/x86_64-linux-gnu/libgcrypt.so.20.1.6
7f6cc1efc000-7f6cc1f0d000 r-xp 00000000 09:00 9569180                    /usr/lib/x86_64-linux-gnu/liblz4.so.1.7.1
7f6cc1f0d000-7f6cc210c000 ---p 00011000 09:00 9569180                    /usr/lib/x86_64-linux-gnu/liblz4.so.1.7.1
7f6cc210c000-7f6cc210d000 r--p 00010000 09:00 9569180                    /usr/lib/x86_64-linux-gnu/liblz4.so.1.7.1
7f6cc210d000-7f6cc210e000 rw-p 00011000 09:00 9569180                    /usr/lib/x86_64-linux-gnu/liblz4.so.1.7.1
7f6cc210e000-7f6cc2133000 r-xp 00000000 09:00 28049441                   /lib/x86_64-linux-gnu/liblzma.so.5.2.2
7f6cc2133000-7f6cc2332000 ---p 00025000 09:00 28049441                   /lib/x86_64-linux-gnu/liblzma.so.5.2.2
7f6cc2332000-7f6cc2333000 r--p 00024000 09:00 28049441                   /lib/x86_64-linux-gnu/liblzma.so.5.2.2
7f6cc2333000-7f6cc2334000 rw-p 00025000 09:00 28049441                   /lib/x86_64-linux-gnu/liblzma.so.5.2.2
7f6cc2334000-7f6cc2359000 r-xp 00000000 09:00 28049497                   /lib/x86_64-linux-gnu/libselinux.so.1
7f6cc2359000-7f6cc2558000 ---p 00025000 09:00 28049497                   /lib/x86_64-linux-gnu/libselinux.so.1
7f6cc2558000-7f6cc2559000 r--p 00024000 09:00 28049497                   /lib/x86_64-linux-gnu/libselinux.so.1
7f6cc2559000-7f6cc255a000 rw-p 00025000 09:00 28049497                   /lib/x86_64-linux-gnu/libselinux.so.1
7f6cc255a000-7f6cc255c000 rw-p 00000000 00:00 0 
7f6cc255c000-7f6cc25ce000 r-xp 00000000 09:00 28049447                   /lib/x86_64-linux-gnu/libpcre.so.3.13.3
7f6cc25ce000-7f6cc27cd000 ---p 00072000 09:00 28049447                   /lib/x86_64-linux-gnu/libpcre.so.3.13.3
7f6cc27cd000-7f6cc27ce000 r--p 00071000 09:00 28049447                   /lib/x86_64-linux-gnu/libpcre.so.3.13.3
7f6cc27ce000-7f6cc27cf000 rw-p 00072000 09:00 28049447                   /lib/x86_64-linux-gnu/libpcre.so.3.13.3
7f6cc27cf000-7f6cc27d6000 r-xp 00000000 09:00 9573136                    /usr/lib/x86_64-linux-gnu/libffi.so.6.0.4
7f6cc27d6000-7f6cc29d6000 ---p 00007000 09:00 9573136                    /usr/lib/x86_64-linux-gnu/libffi.so.6.0.4
7f6cc29d6000-7f6cc29d7000 r--p 00007000 09:00 9573136                    /usr/lib/x86_64-linux-gnu/libffi.so.6.0.4
7f6cc29d7000-7f6cc29d8000 rw-p 00008000 09:00 9573136                    /usr/lib/x86_64-linux-gnu/libffi.so.6.0.4
7f6cc29d8000-7f6cc29e4000 r-xp 00000000 09:00 9575000                    /usr/lib/x86_64-linux-gnu/libxcb-render.so.0.0.0
7f6cc29e4000-7f6cc2be4000 ---p 0000c000 09:00 9575000                    /usr/lib/x86_64-linux-gnu/libxcb-render.so.0.0.0
7f6cc2be4000-7f6cc2be5000 r--p 0000c000 09:00 9575000                    /usr/lib/x86_64-linux-gnu/libxcb-render.so.0.0.0
7f6cc2be5000-7f6cc2be6000 rw-p 0000d000 09:00 9575000                    /usr/lib/x86_64-linux-gnu/libxcb-render.so.0.0.0
7f6cc2be6000-7f6cc2be8000 r-xp 00000000 09:00 9575004                    /usr/lib/x86_64-linux-gnu/libxcb-shm.so.0.0.0
7f6cc2be8000-7f6cc2de8000 ---p 00002000 09:00 9575004                    /usr/lib/x86_64-linux-gnu/libxcb-shm.so.0.0.0
7f6cc2de8000-7f6cc2de9000 r--p 00002000 09:00 9575004                    /usr/lib/x86_64-linux-gnu/libxcb-shm.so.0.0.0
7f6cc2de9000-7f6cc2dea000 rw-p 00003000 09:00 9575004                    /usr/lib/x86_64-linux-gnu/libxcb-shm.so.0.0.0
7f6cc2dea000-7f6cc2e88000 r-xp 00000000 09:00 9574994                    /usr/lib/x86_64-linux-gnu/libpixman-1.so.0.34.0
7f6cc2e88000-7f6cc3088000 ---p 0009e000 09:00 9574994                    /usr/lib/x86_64-linux-gnu/libpixman-1.so.0.34.0
7f6cc3088000-7f6cc3090000 r--p 0009e000 09:00 9574994                    /usr/lib/x86_64-linux-gnu/libpixman-1.so.0.34.0
7f6cc3090000-7f6cc3091000 rw-p 000a6000 09:00 9574994                    /usr/lib/x86_64-linux-gnu/libpixman-1.so.0.34.0
7f6cc3091000-7f6cc3099000 r-xp 00000000 09:00 9575744                    /usr/lib/x86_64-linux-gnu/libthai.so.0.3.0
7f6cc3099000-7f6cc3299000 ---p 00008000 09:00 9575744                    /usr/lib/x86_64-linux-gnu/libthai.so.0.3.0
7f6cc3299000-7f6cc329a000 r--p 00008000 09:00 9575744                    /usr/lib/x86_64-linux-gnu/libthai.so.0.3.0
7f6cc329a000-7f6cc329b000 rw-p 00009000 09:00 9575744                    /usr/lib/x86_64-linux-gnu/libthai.so.0.3.0
7f6cc329b000-7f6cc32af000 r-xp 00000000 09:00 9575748                    /usr/lib/x86_64-linux-gnu/libpangoft2-1.0.so.0.4000.5
7f6cc32af000-7f6cc34af000 ---p 00014000 09:00 9575748                    /usr/lib/x86_64-linux-gnu/libpangoft2-1.0.so.0.4000.5
7f6cc34af000-7f6cc34b0000 r--p 00014000 09:00 9575748                    /usr/lib/x86_64-linux-gnu/libpangoft2-1.0.so.0.4000.5
7f6cc34b0000-7f6cc34b1000 rw-p 00015000 09:00 9575748                    /usr/lib/x86_64-linux-gnu/libpangoft2-1.0.so.0.4000.5
7f6cc34b1000-7f6cc359a000 r-xp 00000000 09:00 9579235                    /usr/lib/x86_64-linux-gnu/libepoxy.so.0.0.0
7f6cc359a000-7f6cc3799000 ---p 000e9000 09:00 9579235                    /usr/lib/x86_64-linux-gnu/libepoxy.so.0.0.0
7f6cc3799000-7f6cc37a0000 r--p 000e8000 09:00 9579235                    /usr/lib/x86_64-linux-gnu/libepoxy.so.0.0.0
7f6cc37a0000-7f6cc37a7000 rw-p 000ef000 09:00 9579235                    /usr/lib/x86_64-linux-gnu/libepoxy.so.0.0.0
7f6cc37a7000-7f6cc37b4000 r-xp 00000000 09:00 9579292                    /usr/lib/x86_64-linux-gnu/libwayland-client.so.0.3.0
7f6cc37b4000-7f6cc39b3000 ---p 0000d000 09:00 9579292                    /usr/lib/x86_64-linux-gnu/libwayland-client.so.0.3.0
7f6cc39b3000-7f6cc39b5000 r--p 0000c000 09:00 9579292                    /usr/lib/x86_64-linux-gnu/libwayland-client.so.0.3.0
7f6cc39b5000-7f6cc39b6000 rw-p 0000e000 09:00 9579292                    /usr/lib/x86_64-linux-gnu/libwayland-client.so.0.3.0
7f6cc39b6000-7f6cc39b7000 r-xp 00000000 09:00 9579306                    /usr/lib/x86_64-linux-gnu/libwayland-egl.so.1.0.0
7f6cc39b7000-7f6cc3bb6000 ---p 00001000 09:00 9579306                    /usr/lib/x86_64-linux-gnu/libwayland-egl.so.1.0.0
7f6cc3bb6000-7f6cc3bb7000 r--p 00000000 09:00 9579306                    /usr/lib/x86_64-linux-gnu/libwayland-egl.so.1.0.0
7f6cc3bb7000-7f6cc3bb8000 rw-p 00001000 09:00 9579306                    /usr/lib/x86_64-linux-gnu/libwayland-egl.so.1.0.0
7f6cc3bb8000-7f6cc3bbc000 r-xp 00000000 09:00 9579294                    /usr/lib/x86_64-linux-gnu/libwayland-cursor.so.0.0.0
7f6cc3bbc000-7f6cc3dbb000 ---p 00004000 09:00 9579294                    /usr/lib/x86_64-linux-gnu/libwayland-cursor.so.0.0.0
7f6cc3dbb000-7f6cc3dbc000 r--p 00003000 09:00 9579294                    /usr/lib/x86_64-linux-gnu/libwayland-cursor.so.0.0.0
7f6cc3dbc000-7f6cc3dc0000 rw-p 00004000 09:00 9579294                    /usr/lib/x86_64-linux-gnu/libwayland-cursor.so.0.0.0
7f6cc3dc0000-7f6cc3dfe000 r-xp 00000000 09:00 9579315                    /usr/lib/x86_64-linux-gnu/libxkbcommon.so.0.0.0
7f6cc3dfe000-7f6cc3ffd000 ---p 0003e000 09:00 9579315                    /usr/lib/x86_64-linux-gnu/libxkbcommon.so.0.0.0
7f6cc3ffd000-7f6cc3fff000 r--p 0003d000 09:00 9579315                    /usr/lib/x86_64-linux-gnu/libxkbcommon.so.0.0.0
7f6cc3fff000-7f6cc4000000 rw-p 0003f000 09:00 9579315                    /usr/lib/x86_64-linux-gnu/libxkbcommon.so.0.0.0
7f6cc4000000-7f6cc4021000 rw-p 00000000 00:00 0 
7f6cc4021000-7f6cc8000000 ---p 00000000 00:00 0 
7f6cc8000000-7f6cc8021000 rw-p 00000000 00:00 0 
7f6cc8021000-7f6ccc000000 ---p 00000000 00:00 0 
7f6ccc000000-7f6ccc021000 rw-p 00000000 00:00 0 
7f6ccc021000-7f6cd0000000 ---p 00000000 00:00 0 
7f6cd007e000-7f6cd0080000 r-xp 00000000 09:00 9578066                    /usr/lib/x86_64-linux-gnu/libXdamage.so.1.1.0
7f6cd0080000-7f6cd027f000 ---p 00002000 09:00 9578066                    /usr/lib/x86_64-linux-gnu/libXdamage.so.1.1.0
7f6cd027f000-7f6cd0280000 r--p 00001000 09:00 9578066                    /usr/lib/x86_64-linux-gnu/libXdamage.so.1.1.0
7f6cd0280000-7f6cd0281000 rw-p 00002000 09:00 9578066                    /usr/lib/x86_64-linux-gnu/libXdamage.so.1.1.0
7f6cd0281000-7f6cd0283000 r-xp 00000000 09:00 9579309                    /usr/lib/x86_64-linux-gnu/libXcomposite.so.1.0.0
7f6cd0283000-7f6cd0482000 ---p 00002000 09:00 9579309                    /usr/lib/x86_64-linux-gnu/libXcomposite.so.1.0.0
7f6cd0482000-7f6cd0483000 r--p 00001000 09:00 9579309                    /usr/lib/x86_64-linux-gnu/libXcomposite.so.1.0.0
7f6cd0483000-7f6cd0484000 rw-p 00002000 09:00 9579309                    /usr/lib/x86_64-linux-gnu/libXcomposite.so.1.0.0
7f6cd0484000-7f6cd048e000 r-xp 00000000 09:00 9577642                    /usr/lib/x86_64-linux-gnu/libXrandr.so.2.2.0
7f6cd048e000-7f6cd068d000 ---p 0000a000 09:00 9577642                    /usr/lib/x86_64-linux-gnu/libXrandr.so.2.2.0
7f6cd068d000-7f6cd068e000 r--p 00009000 09:00 9577642                    /usr/lib/x86_64-linux-gnu/libXrandr.so.2.2.0
7f6cd068e000-7f6cd068f000 rw-p 0000a000 09:00 9577642                    /usr/lib/x86_64-linux-gnu/libXrandr.so.2.2.0
7f6cd068f000-7f6cd0691000 r-xp 00000000 09:00 9577640                    /usr/lib/x86_64-linux-gnu/libXinerama.so.1.0.0
7f6cd0691000-7f6cd0890000 ---p 00002000 09:00 9577640                    /usr/lib/x86_64-linux-gnu/libXinerama.so.1.0.0
7f6cd0890000-7f6cd0891000 r--p 00001000 09:00 9577640                    /usr/lib/x86_64-linux-gnu/libXinerama.so.1.0.0
7f6cd0891000-7f6cd0892000 rw-p 00002000 09:00 9577640                    /usr/lib/x86_64-linux-gnu/libXinerama.so.1.0.0
7f6cd0892000-7f6cd08ce000 r-xp 00000000 09:00 9572664                    /usr/lib/x86_64-linux-gnu/libfontconfig.so.1.8.0
7f6cd08ce000-7f6cd0acd000 ---p 0003c000 09:00 9572664                    /usr/lib/x86_64-linux-gnu/libfontconfig.so.1.8.0
7f6cd0acd000-7f6cd0acf000 r--p 0003b000 09:00 9572664                    /usr/lib/x86_64-linux-gnu/libfontconfig.so.1.8.0
7f6cd0acf000-7f6cd0ad0000 rw-p 0003d000 09:00 9572664                    /usr/lib/x86_64-linux-gnu/libfontconfig.so.1.8.0
7f6cd0ad0000-7f6cd0c5d000 r-xp 00000000 09:00 9572712                    /usr/lib/x86_64-linux-gnu/libgio-2.0.so.0.5000.3
7f6cd0c5d000-7f6cd0e5d000 ---p 0018d000 09:00 9572712                    /usr/lib/x86_64-linux-gnu/libgio-2.0.so.0.5000.3
7f6cd0e5d000-7f6cd0e62000 r--p 0018d000 09:00 9572712                    /usr/lib/x86_64-linux-gnu/libgio-2.0.so.0.5000.3
7f6cd0e62000-7f6cd0e65000 rw-p 00192000 09:00 9572712                    /usr/lib/x86_64-linux-gnu/libgio-2.0.so.0.5000.3
7f6cd0e65000-7f6cd0e66000 rw-p 00000000 00:00 0 
7f6cd0e66000-7f6cd0eea000 r-xp 00000000 09:00 28049513                   /lib/x86_64-linux-gnu/libsystemd.so.0.17.0
7f6cd0eea000-7f6cd0eeb000 ---p 00084000 09:00 28049513                   /lib/x86_64-linux-gnu/libsystemd.so.0.17.0
7f6cd0eeb000-7f6cd0eee000 r--p 00084000 09:00 28049513                   /lib/x86_64-linux-gnu/libsystemd.so.0.17.0
7f6cd0eee000-7f6cd0eef000 rw-p 00087000 09:00 28049513                   /lib/x86_64-linux-gnu/libsystemd.so.0.17.0
7f6cd0eef000-7f6cd0ef0000 rw-p 00000000 00:00 0 
7f6cd0ef0000-7f6cd0ef3000 r-xp 00000000 09:00 9572714                    /usr/lib/x86_64-linux-gnu/libgmodule-2.0.so.0.5000.3
7f6cd0ef3000-7f6cd10f2000 ---p 00003000 09:00 9572714                    /usr/lib/x86_64-linux-gnu/libgmodule-2.0.so.0.5000.3
7f6cd10f2000-7f6cd10f3000 r--p 00002000 09:00 9572714                    /usr/lib/x86_64-linux-gnu/libgmodule-2.0.so.0.5000.3
7f6cd10f3000-7f6cd10f4000 rw-p 00003000 09:00 9572714                    /usr/lib/x86_64-linux-gnu/libgmodule-2.0.so.0.5000.3
7f6cd10f4000-7f6cd1206000 r-xp 00000000 09:00 28050091                   /lib/x86_64-linux-gnu/libglib-2.0.so.0.5000.3
7f6cd1206000-7f6cd1405000 ---p 00112000 09:00 28050091                   /lib/x86_64-linux-gnu/libglib-2.0.so.0.5000.3
7f6cd1405000-7f6cd1406000 r--p 00111000 09:00 28050091                   /lib/x86_64-linux-gnu/libglib-2.0.so.0.5000.3
7f6cd1406000-7f6cd1407000 rw-p 00112000 09:00 28050091                   /lib/x86_64-linux-gnu/libglib-2.0.so.0.5000.3
7f6cd1407000-7f6cd1408000 rw-p 00000000 00:00 0 
7f6cd1408000-7f6cd145a000 r-xp 00000000 09:00 9572716                    /usr/lib/x86_64-linux-gnu/libgobject-2.0.so.0.5000.3
7f6cd145a000-7f6cd1659000 ---p 00052000 09:00 9572716                    /usr/lib/x86_64-linux-gnu/libgobject-2.0.so.0.5000.3
7f6cd1659000-7f6cd165a000 r--p 00051000 09:00 9572716                    /usr/lib/x86_64-linux-gnu/libgobject-2.0.so.0.5000.3
7f6cd165a000-7f6cd165b000 rw-p 00052000 09:00 9572716                    /usr/lib/x86_64-linux-gnu/libgobject-2.0.so.0.5000.3
7f6cd165b000-7f6cd1769000 r-xp 00000000 09:00 9575012                    /usr/lib/x86_64-linux-gnu/libcairo.so.2.11400.8
7f6cd1769000-7f6cd1969000 ---p 0010e000 09:00 9575012                    /usr/lib/x86_64-linux-gnu/libcairo.so.2.11400.8
7f6cd1969000-7f6cd196c000 r--p 0010e000 09:00 9575012                    /usr/lib/x86_64-linux-gnu/libcairo.so.2.11400.8
7f6cd196c000-7f6cd196d000 rw-p 00111000 09:00 9575012                    /usr/lib/x86_64-linux-gnu/libcairo.so.2.11400.8
7f6cd196d000-7f6cd196f000 rw-p 00000000 00:00 0 
7f6cd196f000-7f6cd1975000 r-xp 00000000 09:00 9578310                    /usr/lib/x86_64-linux-gnu/libcairo-gobject.so.2.11400.8
7f6cd1975000-7f6cd1b75000 ---p 00006000 09:00 9578310                    /usr/lib/x86_64-linux-gnu/libcairo-gobject.so.2.11400.8
7f6cd1b75000-7f6cd1b77000 r--p 00006000 09:00 9578310                    /usr/lib/x86_64-linux-gnu/libcairo-gobject.so.2.11400.8
7f6cd1b77000-7f6cd1b78000 rw-p 00008000 09:00 9578310                    /usr/lib/x86_64-linux-gnu/libcairo-gobject.so.2.11400.8
7f6cd1b78000-7f6cd1b9a000 r-xp 00000000 09:00 9575616                    /usr/lib/x86_64-linux-gnu/libgdk_pixbuf-2.0.so.0.3600.5
7f6cd1b9a000-7f6cd1d9a000 ---p 00022000 09:00 9575616                    /usr/lib/x86_64-linux-gnu/libgdk_pixbuf-2.0.so.0.3600.5
7f6cd1d9a000-7f6cd1d9b000 r--p 00022000 09:00 9575616                    /usr/lib/x86_64-linux-gnu/libgdk_pixbuf-2.0.so.0.3600.5
7f6cd1d9b000-7f6cd1d9c000 rw-p 00023000 09:00 9575616                    /usr/lib/x86_64-linux-gnu/libgdk_pixbuf-2.0.so.0.3600.5
7f6cd1d9c000-7f6cd1de5000 r-xp 00000000 09:00 9575746                    /usr/lib/x86_64-linux-gnu/libpango-1.0.so.0.4000.5
7f6cd1de5000-7f6cd1fe4000 ---p 00049000 09:00 9575746                    /usr/lib/x86_64-linux-gnu/libpango-1.0.so.0.4000.5
7f6cd1fe4000-7f6cd1fe7000 r--p 00048000 09:00 9575746                    /usr/lib/x86_64-linux-gnu/libpango-1.0.so.0.4000.5
7f6cd1fe7000-7f6cd1fe8000 rw-p 0004b000 09:00 9575746                    /usr/lib/x86_64-linux-gnu/libpango-1.0.so.0.4000.5
7f6cd1fe8000-7f6cd1ff4000 r-xp 00000000 09:00 9575750                    /usr/lib/x86_64-linux-gnu/libpangocairo-1.0.so.0.4000.5
7f6cd1ff4000-7f6cd21f3000 ---p 0000c000 09:00 9575750                    /usr/lib/x86_64-linux-gnu/libpangocairo-1.0.so.0.4000.5
7f6cd21f3000-7f6cd21f4000 r--p 0000b000 09:00 9575750                    /usr/lib/x86_64-linux-gnu/libpangocairo-1.0.so.0.4000.5
7f6cd21f4000-7f6cd21f5000 rw-p 0000c000 09:00 9575750                    /usr/lib/x86_64-linux-gnu/libpangocairo-1.0.so.0.4000.5
7f6cd21f5000-7f6cd22e3000 r-xp 00000000 09:00 9579321                    /usr/lib/x86_64-linux-gnu/libgdk-3.so.0.2200.11
7f6cd22e3000-7f6cd24e2000 ---p 000ee000 09:00 9579321                    /usr/lib/x86_64-linux-gnu/libgdk-3.so.0.2200.11
7f6cd24e2000-7f6cd24e8000 r--p 000ed000 09:00 9579321                    /usr/lib/x86_64-linux-gnu/libgdk-3.so.0.2200.11
7f6cd24e8000-7f6cd24eb000 rw-p 000f3000 09:00 9579321                    /usr/lib/x86_64-linux-gnu/libgdk-3.so.0.2200.11
7f6cd24eb000-7f6cd24ec000 rw-p 00000000 00:00 0 
7f6cd24ec000-7f6cd259c000 r-xp 00000000 09:00 9579655                    /usr/lib/x86_64-linux-gnu/libgdk-x11-2.0.so.0.2400.31
7f6cd259c000-7f6cd279b000 ---p 000b0000 09:00 9579655                    /usr/lib/x86_64-linux-gnu/libgdk-x11-2.0.so.0.2400.31
7f6cd279b000-7f6cd279f000 r--p 000af000 09:00 9579655                    /usr/lib/x86_64-linux-gnu/libgdk-x11-2.0.so.0.2400.31
7f6cd279f000-7f6cd27a1000 rw-p 000b3000 09:00 9579655                    /usr/lib/x86_64-linux-gnu/libgdk-x11-2.0.so.0.2400.31
7f6cd27a1000-7f6cd27a2000 r-xp 00000000 09:00 9572718                    /usr/lib/x86_64-linux-gnu/libgthread-2.0.so.0.5000.3
7f6cd27a2000-7f6cd29a1000 ---p 00001000 09:00 9572718                    /usr/lib/x86_64-linux-gnu/libgthread-2.0.so.0.5000.3
7f6cd29a1000-7f6cd29a2000 r--p 00000000 09:00 9572718                    /usr/lib/x86_64-linux-gnu/libgthread-2.0.so.0.5000.3
7f6cd29a2000-7f6cd29a3000 rw-p 00001000 09:00 9572718                    /usr/lib/x86_64-linux-gnu/libgthread-2.0.so.0.5000.3
7f6cd29a3000-7f6cd29f0000 r-xp 00000000 09:00 28050081                   /lib/x86_64-linux-gnu/libdbus-1.so.3.14.15
7f6cd29f0000-7f6cd2bf0000 ---p 0004d000 09:00 28050081                   /lib/x86_64-linux-gnu/libdbus-1.so.3.14.15
7f6cd2bf0000-7f6cd2bf2000 r--p 0004d000 09:00 28050081                   /lib/x86_64-linux-gnu/libdbus-1.so.3.14.15
7f6cd2bf2000-7f6cd2bf3000 rw-p 0004f000 09:00 28050081                   /lib/x86_64-linux-gnu/libdbus-1.so.3.14.15
7f6cd2bf3000-7f6cd2c20000 r-xp 00000000 09:00 9579231                    /usr/lib/x86_64-linux-gnu/libatspi.so.0.0.1
7f6cd2c20000-7f6cd2e20000 ---p 0002d000 09:00 9579231                    /usr/lib/x86_64-linux-gnu/libatspi.so.0.0.1
7f6cd2e20000-7f6cd2e23000 r--p 0002d000 09:00 9579231                    /usr/lib/x86_64-linux-gnu/libatspi.so.0.0.1
7f6cd2e23000-7f6cd2e24000 rw-p 00030000 09:00 9579231                    /usr/lib/x86_64-linux-gnu/libatspi.so.0.0.1
7f6cd2e24000-7f6cd2e51000 r-xp 00000000 09:00 9579233                    /usr/lib/x86_64-linux-gnu/libatk-bridge-2.0.so.0.0.0
7f6cd2e51000-7f6cd3050000 ---p 0002d000 09:00 9579233                    /usr/lib/x86_64-linux-gnu/libatk-bridge-2.0.so.0.0.0
7f6cd3050000-7f6cd3051000 r--p 0002c000 09:00 9579233                    /usr/lib/x86_64-linux-gnu/libatk-bridge-2.0.so.0.0.0
7f6cd3051000-7f6cd3053000 rw-p 0002d000 09:00 9579233                    /usr/lib/x86_64-linux-gnu/libatk-bridge-2.0.so.0.0.0
7f6cd3053000-7f6cd3076000 r-xp 00000000 09:00 9578308                    /usr/lib/x86_64-linux-gnu/libatk-1.0.so.0.22209.1
7f6cd3076000-7f6cd3275000 ---p 00023000 09:00 9578308                    /usr/lib/x86_64-linux-gnu/libatk-1.0.so.0.22209.1
7f6cd3275000-7f6cd3278000 r--p 00022000 09:00 9578308                    /usr/lib/x86_64-linux-gnu/libatk-1.0.so.0.22209.1
7f6cd3278000-7f6cd3279000 rw-p 00025000 09:00 9578308                    /usr/lib/x86_64-linux-gnu/libatk-1.0.so.0.22209.1
7f6cd3279000-7f6cd328f000 r-xp 00000000 09:00 10355697                   /usr/lib/x86_64-linux-gnu/jni/libatk-wrapper.so.6.0.0
7f6cd328f000-7f6cd348e000 ---p 00016000 09:00 10355697                   /usr/lib/x86_64-linux-gnu/jni/libatk-wrapper.so.6.0.0
7f6cd348e000-7f6cd348f000 r--p 00015000 09:00 10355697                   /usr/lib/x86_64-linux-gnu/jni/libatk-wrapper.so.6.0.0
7f6cd348f000-7f6cd3490000 rw-p 00016000 09:00 10355697                   /usr/lib/x86_64-linux-gnu/jni/libatk-wrapper.so.6.0.0
7f6cd3490000-7f6cd34a7000 r-xp 00000000 09:00 10355444                   /usr/lib/jvm/java-8-openjdk-amd64/jre/lib/amd64/libnet.so
7f6cd34a7000-7f6cd36a6000 ---p 00017000 09:00 10355444                   /usr/lib/jvm/java-8-openjdk-amd64/jre/lib/amd64/libnet.so
7f6cd36a6000-7f6cd36a7000 r--p 00016000 09:00 10355444                   /usr/lib/jvm/java-8-openjdk-amd64/jre/lib/amd64/libnet.so
7f6cd36a7000-7f6cd36a8000 rw-p 00017000 09:00 10355444                   /usr/lib/jvm/java-8-openjdk-amd64/jre/lib/amd64/libnet.so
7f6cd36a8000-7f6cd36b9000 r-xp 00000000 09:00 10355445                   /usr/lib/jvm/java-8-openjdk-amd64/jre/lib/amd64/libnio.so
7f6cd36b9000-7f6cd38b9000 ---p 00011000 09:00 10355445                   /usr/lib/jvm/java-8-openjdk-amd64/jre/lib/amd64/libnio.so
7f6cd38b9000-7f6cd38ba000 r--p 00011000 09:00 10355445                   /usr/lib/jvm/java-8-openjdk-amd64/jre/lib/amd64/libnio.so
7f6cd38ba000-7f6cd38bb000 rw-p 00012000 09:00 10355445                   /usr/lib/jvm/java-8-openjdk-amd64/jre/lib/amd64/libnio.so
7f6cd38bb000-7f6cd38be000 ---p 00000000 00:00 0 
7f6cd38be000-7f6cd39bc000 rw-p 00000000 00:00 0 
7f6cd39bc000-7f6cd39c1000 r-xp 00000000 09:00 9578064                    /usr/lib/x86_64-linux-gnu/libXfixes.so.3.1.0
7f6cd39c1000-7f6cd3bc0000 ---p 00005000 09:00 9578064                    /usr/lib/x86_64-linux-gnu/libXfixes.so.3.1.0
7f6cd3bc0000-7f6cd3bc1000 r--p 00004000 09:00 9578064                    /usr/lib/x86_64-linux-gnu/libXfixes.so.3.1.0
7f6cd3bc1000-7f6cd3bc2000 rw-p 00005000 09:00 9578064                    /usr/lib/x86_64-linux-gnu/libXfixes.so.3.1.0
7f6cd3bc2000-7f6cd3bcc000 r-xp 00000000 09:00 9579311                    /usr/lib/x86_64-linux-gnu/libXcursor.so.1.0.2
7f6cd3bcc000-7f6cd3dcb000 ---p 0000a000 09:00 9579311                    /usr/lib/x86_64-linux-gnu/libXcursor.so.1.0.2
7f6cd3dcb000-7f6cd3dcc000 r--p 00009000 09:00 9579311                    /usr/lib/x86_64-linux-gnu/libXcursor.so.1.0.2
7f6cd3dcc000-7f6cd3dcd000 rw-p 0000a000 09:00 9579311                    /usr/lib/x86_64-linux-gnu/libXcursor.so.1.0.2
7f6cd3dcd000-7f6cd3dfe000 r-xp 00000000 09:00 9572650                    /usr/lib/x86_64-linux-gnu/libpng16.so.16.28.0
7f6cd3dfe000-7f6cd3ffe000 ---p 00031000 09:00 9572650                    /usr/lib/x86_64-linux-gnu/libpng16.so.16.28.0
7f6cd3ffe000-7f6cd3fff000 r--p 00031000 09:00 9572650                    /usr/lib/x86_64-linux-gnu/libpng16.so.16.28.0
7f6cd3fff000-7f6cd4000000 rw-p 00032000 09:00 9572650                    /usr/lib/x86_64-linux-gnu/libpng16.so.16.28.0
7f6cd4000000-7f6cd4021000 rw-p 00000000 00:00 0 
7f6cd4021000-7f6cd8000000 ---p 00000000 00:00 0 
7f6cd8000000-7f6cd8021000 rw-p 00000000 00:00 0 
7f6cd8021000-7f6cdc000000 ---p 00000000 00:00 0 
7f6cdc000000-7f6cdc179000 rw-p 00000000 00:00 0 
7f6cdc179000-7f6ce0000000 ---p 00000000 00:00 0 
7f6ce0000000-7f6ce016d000 rw-p 00000000 00:00 0 
7f6ce016d000-7f6ce4000000 ---p 00000000 00:00 0 
7f6ce4000000-7f6ce4021000 rw-p 00000000 00:00 0 
7f6ce4021000-7f6ce8000000 ---p 00000000 00:00 0 
7f6ce8000000-7f6ce8021000 rw-p 00000000 00:00 0 
7f6ce8021000-7f6cec000000 ---p 00000000 00:00 0 
7f6cec000000-7f6cec021000 rw-p 00000000 00:00 0 
7f6cec021000-7f6cf0000000 ---p 00000000 00:00 0 
7f6cf0000000-7f6cf0021000 rw-p 00000000 00:00 0 
7f6cf0021000-7f6cf4000000 ---p 00000000 00:00 0 
7f6cf4000000-7f6cf4021000 rw-p 00000000 00:00 0 
7f6cf4021000-7f6cf8000000 ---p 00000000 00:00 0 
7f6cf802b000-7f6cf805c000 rw-p 00000000 00:00 0 
7f6cf805c000-7f6cf805f000 ---p 00000000 00:00 0 
7f6cf805f000-7f6cf8095000 rw-p 00000000 00:00 0 
7f6cf8095000-7f6cf8098000 ---p 00000000 00:00 0 
7f6cf8098000-7f6cf8196000 rw-p 00000000 00:00 0 
7f6cf8196000-7f6cf823e000 r-xp 00000000 09:00 9572656                    /usr/lib/x86_64-linux-gnu/libfreetype.so.6.12.3
7f6cf823e000-7f6cf843e000 ---p 000a8000 09:00 9572656                    /usr/lib/x86_64-linux-gnu/libfreetype.so.6.12.3
7f6cf843e000-7f6cf8444000 r--p 000a8000 09:00 9572656                    /usr/lib/x86_64-linux-gnu/libfreetype.so.6.12.3
7f6cf8444000-7f6cf8445000 rw-p 000ae000 09:00 9572656                    /usr/lib/x86_64-linux-gnu/libfreetype.so.6.12.3
7f6cf8445000-7f6cf8496000 r-xp 00000000 09:00 10355426                   /usr/lib/jvm/java-8-openjdk-amd64/jre/lib/amd64/libfontmanager.so
7f6cf8496000-7f6cf8696000 ---p 00051000 09:00 10355426                   /usr/lib/jvm/java-8-openjdk-amd64/jre/lib/amd64/libfontmanager.so
7f6cf8696000-7f6cf8698000 r--p 00051000 09:00 10355426                   /usr/lib/jvm/java-8-openjdk-amd64/jre/lib/amd64/libfontmanager.so
7f6cf8698000-7f6cf8699000 rw-p 00053000 09:00 10355426                   /usr/lib/jvm/java-8-openjdk-amd64/jre/lib/amd64/libfontmanager.so
7f6cf8699000-7f6cf86ac000 r-xp 00000000 09:00 28049932                   /lib/x86_64-linux-gnu/libbsd.so.0.8.3
7f6cf86ac000-7f6cf88ac000 ---p 00013000 09:00 28049932                   /lib/x86_64-linux-gnu/libbsd.so.0.8.3
7f6cf88ac000-7f6cf88ad000 r--p 00013000 09:00 28049932                   /lib/x86_64-linux-gnu/libbsd.so.0.8.3
7f6cf88ad000-7f6cf88ae000 rw-p 00014000 09:00 28049932                   /lib/x86_64-linux-gnu/libbsd.so.0.8.3
7f6cf88ae000-7f6cf88af000 rw-p 00000000 00:00 0 
7f6cf88af000-7f6cf88b4000 r-xp 00000000 09:00 9572813                    /usr/lib/x86_64-linux-gnu/libXdmcp.so.6.0.0
7f6cf88b4000-7f6cf8ab3000 ---p 00005000 09:00 9572813                    /usr/lib/x86_64-linux-gnu/libXdmcp.so.6.0.0
7f6cf8ab3000-7f6cf8ab4000 r--p 00004000 09:00 9572813                    /usr/lib/x86_64-linux-gnu/libXdmcp.so.6.0.0
7f6cf8ab4000-7f6cf8ab5000 rw-p 00005000 09:00 9572813                    /usr/lib/x86_64-linux-gnu/libXdmcp.so.6.0.0
7f6cf8ab5000-7f6cf8ab8000 r-xp 00000000 09:00 9572811                    /usr/lib/x86_64-linux-gnu/libXau.so.6.0.0
7f6cf8ab8000-7f6cf8cb7000 ---p 00003000 09:00 9572811                    /usr/lib/x86_64-linux-gnu/libXau.so.6.0.0
7f6cf8cb7000-7f6cf8cb8000 r--p 00002000 09:00 9572811                    /usr/lib/x86_64-linux-gnu/libXau.so.6.0.0
7f6cf8cb8000-7f6cf8cb9000 rw-p 00003000 09:00 9572811                    /usr/lib/x86_64-linux-gnu/libXau.so.6.0.0
7f6cf8cb9000-7f6cf8ce0000 r-xp 00000000 09:00 9572815                    /usr/lib/x86_64-linux-gnu/libxcb.so.1.1.0
7f6cf8ce0000-7f6cf8edf000 ---p 00027000 09:00 9572815                    /usr/lib/x86_64-linux-gnu/libxcb.so.1.1.0
7f6cf8edf000-7f6cf8ee0000 r--p 00026000 09:00 9572815                    /usr/lib/x86_64-linux-gnu/libxcb.so.1.1.0
7f6cf8ee0000-7f6cf8ee1000 rw-p 00027000 09:00 9572815                    /usr/lib/x86_64-linux-gnu/libxcb.so.1.1.0
7f6cf8ee1000-7f6cf8ef0000 r-xp 00000000 09:00 9579313                    /usr/lib/x86_64-linux-gnu/libXi.so.6.1.0
7f6cf8ef0000-7f6cf90ef000 ---p 0000f000 09:00 9579313                    /usr/lib/x86_64-linux-gnu/libXi.so.6.1.0
7f6cf90ef000-7f6cf90f0000 r--p 0000e000 09:00 9579313                    /usr/lib/x86_64-linux-gnu/libXi.so.6.1.0
7f6cf90f0000-7f6cf90f1000 rw-p 0000f000 09:00 9579313                    /usr/lib/x86_64-linux-gnu/libXi.so.6.1.0
7f6cf90f1000-7f6cf90f6000 r-xp 00000000 09:00 9579500                    /usr/lib/x86_64-linux-gnu/libXtst.so.6.1.0
7f6cf90f6000-7f6cf92f5000 ---p 00005000 09:00 9579500                    /usr/lib/x86_64-linux-gnu/libXtst.so.6.1.0
7f6cf92f5000-7f6cf92f6000 r--p 00004000 09:00 9579500                    /usr/lib/x86_64-linux-gnu/libXtst.so.6.1.0
7f6cf92f6000-7f6cf92f7000 rw-p 00005000 09:00 9579500                    /usr/lib/x86_64-linux-gnu/libXtst.so.6.1.0
7f6cf92f7000-7f6cf9300000 r-xp 00000000 09:00 9575008                    /usr/lib/x86_64-linux-gnu/libXrender.so.1.3.0
7f6cf9300000-7f6cf94ff000 ---p 00009000 09:00 9575008                    /usr/lib/x86_64-linux-gnu/libXrender.so.1.3.0
7f6cf94ff000-7f6cf9500000 r--p 00008000 09:00 9575008                    /usr/lib/x86_64-linux-gnu/libXrender.so.1.3.0
7f6cf9500000-7f6cf9501000 rw-p 00009000 09:00 9575008                    /usr/lib/x86_64-linux-gnu/libXrender.so.1.3.0
7f6cf9501000-7f6cf963b000 r-xp 00000000 09:00 9572819                    /usr/lib/x86_64-linux-gnu/libX11.so.6.3.0
7f6cf963b000-7f6cf983b000 ---p 0013a000 09:00 9572819                    /usr/lib/x86_64-linux-gnu/libX11.so.6.3.0
7f6cf983b000-7f6cf983c000 r--p 0013a000 09:00 9572819                    /usr/lib/x86_64-linux-gnu/libX11.so.6.3.0
7f6cf983c000-7f6cf9841000 rw-p 0013b000 09:00 9572819                    /usr/lib/x86_64-linux-gnu/libX11.so.6.3.0
7f6cf9841000-7f6cf9852000 r-xp 00000000 09:00 9572822                    /usr/lib/x86_64-linux-gnu/libXext.so.6.4.0
7f6cf9852000-7f6cf9a51000 ---p 00011000 09:00 9572822                    /usr/lib/x86_64-linux-gnu/libXext.so.6.4.0
7f6cf9a51000-7f6cf9a52000 r--p 00010000 09:00 9572822                    /usr/lib/x86_64-linux-gnu/libXext.so.6.4.0
7f6cf9a52000-7f6cf9a53000 rw-p 00011000 09:00 9572822                    /usr/lib/x86_64-linux-gnu/libXext.so.6.4.0
7f6cf9a74000-7f6cf9ac8000 r-xp 00000000 09:00 10355424                   /usr/lib/jvm/java-8-openjdk-amd64/jre/lib/amd64/libawt_xawt.so
7f6cf9ac8000-7f6cf9cc8000 ---p 00054000 09:00 10355424                   /usr/lib/jvm/java-8-openjdk-amd64/jre/lib/amd64/libawt_xawt.so
7f6cf9cc8000-7f6cf9cc9000 r--p 00054000 09:00 10355424                   /usr/lib/jvm/java-8-openjdk-amd64/jre/lib/amd64/libawt_xawt.so
7f6cf9cc9000-7f6cf9ccc000 rw-p 00055000 09:00 10355424                   /usr/lib/jvm/java-8-openjdk-amd64/jre/lib/amd64/libawt_xawt.so
7f6cf9ccc000-7f6cf9ccd000 rw-p 00000000 00:00 0 
7f6cf9ccd000-7f6cf9d6d000 r-xp 00000000 09:00 10355422                   /usr/lib/jvm/java-8-openjdk-amd64/jre/lib/amd64/libawt.so
7f6cf9d6d000-7f6cf9f6d000 ---p 000a0000 09:00 10355422                   /usr/lib/jvm/java-8-openjdk-amd64/jre/lib/amd64/libawt.so
7f6cf9f6d000-7f6cf9f6e000 r--p 000a0000 09:00 10355422                   /usr/lib/jvm/java-8-openjdk-amd64/jre/lib/amd64/libawt.so
7f6cf9f6e000-7f6cf9f79000 rw-p 000a1000 09:00 10355422                   /usr/lib/jvm/java-8-openjdk-amd64/jre/lib/amd64/libawt.so
7f6cf9f79000-7f6cf9f9e000 rw-p 00000000 00:00 0 
7f6cf9f9e000-7f6cf9f9f000 ---p 00000000 00:00 0 
7f6cf9f9f000-7f6cfa09f000 rw-p 00000000 00:00 0 
7f6cfa09f000-7f6cfa0a2000 ---p 00000000 00:00 0 
7f6cfa0a2000-7f6cfa1a0000 rw-p 00000000 00:00 0 
7f6cfa1a0000-7f6cfa1a3000 ---p 00000000 00:00 0 
7f6cfa1a3000-7f6cfa2a1000 rw-p 00000000 00:00 0 
7f6cfa2a1000-7f6cfa2a4000 ---p 00000000 00:00 0 
7f6cfa2a4000-7f6cfa3a2000 rw-p 00000000 00:00 0 
7f6cfa3a2000-7f6cfa3a5000 ---p 00000000 00:00 0 
7f6cfa3a5000-7f6cfa4a3000 rw-p 00000000 00:00 0 
7f6cfa4a3000-7f6cfa63e000 r--p 00000000 09:00 9568548                    /usr/lib/locale/locale-archive
7f6cfa63e000-7f6cfa641000 ---p 00000000 00:00 0 
7f6cfa641000-7f6cfa73f000 rw-p 00000000 00:00 0 
7f6cfa73f000-7f6cfa742000 ---p 00000000 00:00 0 
7f6cfa742000-7f6cfa840000 rw-p 00000000 00:00 0 
7f6cfa840000-7f6cfa841000 ---p 00000000 00:00 0 
7f6cfa841000-7f6cfb24a000 rw-p 00000000 00:00 0 
7f6cfb24a000-7f6cfb419000 r--s 03c2f000 09:00 10355495                   /usr/lib/jvm/java-8-openjdk-amd64/jre/lib/rt.jar
7f6cfb419000-7f6cfc000000 rw-p 00000000 00:00 0 
7f6cfc000000-7f6cfc021000 rw-p 00000000 00:00 0 
7f6cfc021000-7f6d00000000 ---p 00000000 00:00 0 
7f6d00003000-7f6d00016000 r--s 00346000 09:00 10355494                   /usr/lib/jvm/java-8-openjdk-amd64/jre/lib/resources.jar
7f6d00016000-7f6d00031000 r--s 00394000 09:00 10355466                   /usr/lib/jvm/java-8-openjdk-amd64/jre/lib/ext/cldrdata.jar
7f6d00031000-7f6d0004c000 r--s 001d6000 09:00 10355471                   /usr/lib/jvm/java-8-openjdk-amd64/jre/lib/ext/nashorn.jar
7f6d0004c000-7f6d00131000 rw-p 00000000 00:00 0 
7f6d00131000-7f6d03fa1000 rw-p 00000000 00:00 0 
7f6d03fa1000-7f6d03fa2000 ---p 00000000 00:00 0 
7f6d03fa2000-7f6d040a2000 rw-p 00000000 00:00 0 
7f6d040a2000-7f6d040a3000 ---p 00000000 00:00 0 
7f6d040a3000-7f6d041a3000 rw-p 00000000 00:00 0 
7f6d041a3000-7f6d041cd000 rw-p 00000000 00:00 0 
7f6d041cd000-7f6d0443d000 ---p 00000000 00:00 0 
7f6d0443d000-7f6d04467000 rw-p 00000000 00:00 0 
7f6d04467000-7f6d046d7000 ---p 00000000 00:00 0 
7f6d046d7000-7f6d046ec000 rw-p 00000000 00:00 0 
7f6d046ec000-7f6d04824000 ---p 00000000 00:00 0 
7f6d04824000-7f6d0482f000 rw-p 00000000 00:00 0 
7f6d0482f000-7f6d04be5000 ---p 00000000 00:00 0 
7f6d04be5000-7f6d04e55000 rwxp 00000000 00:00 0 
7f6d04e55000-7f6d13be5000 ---p 00000000 00:00 0 
7f6d13be5000-7f6d13bed000 r-xp 00000000 09:00 10355452                   /usr/lib/jvm/java-8-openjdk-amd64/jre/lib/amd64/libzip.so
7f6d13bed000-7f6d13dec000 ---p 00008000 09:00 10355452                   /usr/lib/jvm/java-8-openjdk-amd64/jre/lib/amd64/libzip.so
7f6d13dec000-7f6d13ded000 r--p 00007000 09:00 10355452                   /usr/lib/jvm/java-8-openjdk-amd64/jre/lib/amd64/libzip.so
7f6d13ded000-7f6d13dee000 rw-p 00008000 09:00 10355452                   /usr/lib/jvm/java-8-openjdk-amd64/jre/lib/amd64/libzip.so
7f6d13dee000-7f6d13df8000 r-xp 00000000 09:00 28049426                   /lib/x86_64-linux-gnu/libnss_files-2.24.so
7f6d13df8000-7f6d13ff8000 ---p 0000a000 09:00 28049426                   /lib/x86_64-linux-gnu/libnss_files-2.24.so
7f6d13ff8000-7f6d13ff9000 r--p 0000a000 09:00 28049426                   /lib/x86_64-linux-gnu/libnss_files-2.24.so
7f6d13ff9000-7f6d13ffa000 rw-p 0000b000 09:00 28049426                   /lib/x86_64-linux-gnu/libnss_files-2.24.so
7f6d13ffa000-7f6d14000000 rw-p 00000000 00:00 0 
7f6d14000000-7f6d14370000 rw-p 00000000 00:00 0 
7f6d14370000-7f6d18000000 ---p 00000000 00:00 0 
7f6d18001000-7f6d18022000 rw-p 00000000 00:00 0 
7f6d18022000-7f6d1802d000 r-xp 00000000 09:00 28049428                   /lib/x86_64-linux-gnu/libnss_nis-2.24.so
7f6d1802d000-7f6d1822c000 ---p 0000b000 09:00 28049428                   /lib/x86_64-linux-gnu/libnss_nis-2.24.so
7f6d1822c000-7f6d1822d000 r--p 0000a000 09:00 28049428                   /lib/x86_64-linux-gnu/libnss_nis-2.24.so
7f6d1822d000-7f6d1822e000 rw-p 0000b000 09:00 28049428                   /lib/x86_64-linux-gnu/libnss_nis-2.24.so
7f6d1822e000-7f6d18242000 r-xp 00000000 09:00 28049423                   /lib/x86_64-linux-gnu/libnsl-2.24.so
7f6d18242000-7f6d18442000 ---p 00014000 09:00 28049423                   /lib/x86_64-linux-gnu/libnsl-2.24.so
7f6d18442000-7f6d18443000 r--p 00014000 09:00 28049423                   /lib/x86_64-linux-gnu/libnsl-2.24.so
7f6d18443000-7f6d18444000 rw-p 00015000 09:00 28049423                   /lib/x86_64-linux-gnu/libnsl-2.24.so
7f6d18444000-7f6d18446000 rw-p 00000000 00:00 0 
7f6d18446000-7f6d1844d000 r-xp 00000000 09:00 28049424                   /lib/x86_64-linux-gnu/libnss_compat-2.24.so
7f6d1844d000-7f6d1864c000 ---p 00007000 09:00 28049424                   /lib/x86_64-linux-gnu/libnss_compat-2.24.so
7f6d1864c000-7f6d1864d000 r--p 00006000 09:00 28049424                   /lib/x86_64-linux-gnu/libnss_compat-2.24.so
7f6d1864d000-7f6d1864e000 rw-p 00007000 09:00 28049424                   /lib/x86_64-linux-gnu/libnss_compat-2.24.so
7f6d1864e000-7f6d1867b000 r-xp 00000000 09:00 10355433                   /usr/lib/jvm/java-8-openjdk-amd64/jre/lib/amd64/libjava.so
7f6d1867b000-7f6d1887b000 ---p 0002d000 09:00 10355433                   /usr/lib/jvm/java-8-openjdk-amd64/jre/lib/amd64/libjava.so
7f6d1887b000-7f6d1887c000 r--p 0002d000 09:00 10355433                   /usr/lib/jvm/java-8-openjdk-amd64/jre/lib/amd64/libjava.so
7f6d1887c000-7f6d1887e000 rw-p 0002e000 09:00 10355433                   /usr/lib/jvm/java-8-openjdk-amd64/jre/lib/amd64/libjava.so
7f6d1887e000-7f6d1888d000 r-xp 00000000 09:00 10355451                   /usr/lib/jvm/java-8-openjdk-amd64/jre/lib/amd64/libverify.so
7f6d1888d000-7f6d18a8d000 ---p 0000f000 09:00 10355451                   /usr/lib/jvm/java-8-openjdk-amd64/jre/lib/amd64/libverify.so
7f6d18a8d000-7f6d18a8f000 r--p 0000f000 09:00 10355451                   /usr/lib/jvm/java-8-openjdk-amd64/jre/lib/amd64/libverify.so
7f6d18a8f000-7f6d18a90000 rw-p 00011000 09:00 10355451                   /usr/lib/jvm/java-8-openjdk-amd64/jre/lib/amd64/libverify.so
7f6d18a90000-7f6d18a97000 r-xp 00000000 09:00 28049433                   /lib/x86_64-linux-gnu/librt-2.24.so
7f6d18a97000-7f6d18c96000 ---p 00007000 09:00 28049433                   /lib/x86_64-linux-gnu/librt-2.24.so
7f6d18c96000-7f6d18c97000 r--p 00006000 09:00 28049433                   /lib/x86_64-linux-gnu/librt-2.24.so
7f6d18c97000-7f6d18c98000 rw-p 00007000 09:00 28049433                   /lib/x86_64-linux-gnu/librt-2.24.so
7f6d18c98000-7f6d18cae000 r-xp 00000000 09:00 28049412                   /lib/x86_64-linux-gnu/libgcc_s.so.1
7f6d18cae000-7f6d18ead000 ---p 00016000 09:00 28049412                   /lib/x86_64-linux-gnu/libgcc_s.so.1
7f6d18ead000-7f6d18eae000 r--p 00015000 09:00 28049412                   /lib/x86_64-linux-gnu/libgcc_s.so.1
7f6d18eae000-7f6d18eaf000 rw-p 00016000 09:00 28049412                   /lib/x86_64-linux-gnu/libgcc_s.so.1
7f6d18eaf000-7f6d18fb2000 r-xp 00000000 09:00 28049420                   /lib/x86_64-linux-gnu/libm-2.24.so
7f6d18fb2000-7f6d191b1000 ---p 00103000 09:00 28049420                   /lib/x86_64-linux-gnu/libm-2.24.so
7f6d191b1000-7f6d191b2000 r--p 00102000 09:00 28049420                   /lib/x86_64-linux-gnu/libm-2.24.so
7f6d191b2000-7f6d191b3000 rw-p 00103000 09:00 28049420                   /lib/x86_64-linux-gnu/libm-2.24.so
7f6d191b3000-7f6d19325000 r-xp 00000000 09:00 9573653                    /usr/lib/x86_64-linux-gnu/libstdc++.so.6.0.22
7f6d19325000-7f6d19525000 ---p 00172000 09:00 9573653                    /usr/lib/x86_64-linux-gnu/libstdc++.so.6.0.22
7f6d19525000-7f6d1952f000 r--p 00172000 09:00 9573653                    /usr/lib/x86_64-linux-gnu/libstdc++.so.6.0.22
7f6d1952f000-7f6d19531000 rw-p 0017c000 09:00 9573653                    /usr/lib/x86_64-linux-gnu/libstdc++.so.6.0.22
7f6d19531000-7f6d19535000 rw-p 00000000 00:00 0 
7f6d19535000-7f6d1a18f000 r-xp 00000000 09:00 10355455                   /usr/lib/jvm/java-8-openjdk-amd64/jre/lib/amd64/server/libjvm.so
7f6d1a18f000-7f6d1a38e000 ---p 00c5a000 09:00 10355455                   /usr/lib/jvm/java-8-openjdk-amd64/jre/lib/amd64/server/libjvm.so
7f6d1a38e000-7f6d1a422000 r--p 00c59000 09:00 10355455                   /usr/lib/jvm/java-8-openjdk-amd64/jre/lib/amd64/server/libjvm.so
7f6d1a422000-7f6d1a44b000 rw-p 00ced000 09:00 10355455                   /usr/lib/jvm/java-8-openjdk-amd64/jre/lib/amd64/server/libjvm.so
7f6d1a44b000-7f6d1a47b000 rw-p 00000000 00:00 0 
7f6d1a47b000-7f6d1a610000 r-xp 00000000 09:00 28049416                   /lib/x86_64-linux-gnu/libc-2.24.so
7f6d1a610000-7f6d1a810000 ---p 00195000 09:00 28049416                   /lib/x86_64-linux-gnu/libc-2.24.so
7f6d1a810000-7f6d1a814000 r--p 00195000 09:00 28049416                   /lib/x86_64-linux-gnu/libc-2.24.so
7f6d1a814000-7f6d1a816000 rw-p 00199000 09:00 28049416                   /lib/x86_64-linux-gnu/libc-2.24.so
7f6d1a816000-7f6d1a81a000 rw-p 00000000 00:00 0 
7f6d1a81a000-7f6d1a81d000 r-xp 00000000 09:00 28049419                   /lib/x86_64-linux-gnu/libdl-2.24.so
7f6d1a81d000-7f6d1aa1c000 ---p 00003000 09:00 28049419                   /lib/x86_64-linux-gnu/libdl-2.24.so
7f6d1aa1c000-7f6d1aa1d000 r--p 00002000 09:00 28049419                   /lib/x86_64-linux-gnu/libdl-2.24.so
7f6d1aa1d000-7f6d1aa1e000 rw-p 00003000 09:00 28049419                   /lib/x86_64-linux-gnu/libdl-2.24.so
7f6d1aa1e000-7f6d1aa2b000 r-xp 00000000 09:00 10355419                   /usr/lib/jvm/java-8-openjdk-amd64/jre/lib/amd64/jli/libjli.so
7f6d1aa2b000-7f6d1ac2b000 ---p 0000d000 09:00 10355419                   /usr/lib/jvm/java-8-openjdk-amd64/jre/lib/amd64/jli/libjli.so
7f6d1ac2b000-7f6d1ac2c000 r--p 0000d000 09:00 10355419                   /usr/lib/jvm/java-8-openjdk-amd64/jre/lib/amd64/jli/libjli.so
7f6d1ac2c000-7f6d1ac2d000 rw-p 0000e000 09:00 10355419                   /usr/lib/jvm/java-8-openjdk-amd64/jre/lib/amd64/jli/libjli.so
7f6d1ac2d000-7f6d1ac46000 r-xp 00000000 09:00 28049498                   /lib/x86_64-linux-gnu/libz.so.1.2.8
7f6d1ac46000-7f6d1ae45000 ---p 00019000 09:00 28049498                   /lib/x86_64-linux-gnu/libz.so.1.2.8
7f6d1ae45000-7f6d1ae46000 r--p 00018000 09:00 28049498                   /lib/x86_64-linux-gnu/libz.so.1.2.8
7f6d1ae46000-7f6d1ae47000 rw-p 00019000 09:00 28049498                   /lib/x86_64-linux-gnu/libz.so.1.2.8
7f6d1ae47000-7f6d1ae5f000 r-xp 00000000 09:00 28049431                   /lib/x86_64-linux-gnu/libpthread-2.24.so
7f6d1ae5f000-7f6d1b05e000 ---p 00018000 09:00 28049431                   /lib/x86_64-linux-gnu/libpthread-2.24.so
7f6d1b05e000-7f6d1b05f000 r--p 00017000 09:00 28049431                   /lib/x86_64-linux-gnu/libpthread-2.24.so
7f6d1b05f000-7f6d1b060000 rw-p 00018000 09:00 28049431                   /lib/x86_64-linux-gnu/libpthread-2.24.so
7f6d1b060000-7f6d1b064000 rw-p 00000000 00:00 0 
7f6d1b064000-7f6d1b087000 r-xp 00000000 09:00 28049411                   /lib/x86_64-linux-gnu/ld-2.24.so
7f6d1b08d000-7f6d1b08e000 r--s 00010000 09:00 10355475                   /usr/lib/jvm/java-8-openjdk-amd64/jre/lib/ext/zipfs.jar
7f6d1b08e000-7f6d1b094000 r--s 0003b000 09:00 10355473                   /usr/lib/jvm/java-8-openjdk-amd64/jre/lib/ext/sunjce_provider.jar
7f6d1b094000-7f6d1b138000 rw-p 00000000 00:00 0 
7f6d1b138000-7f6d1b160000 rw-p 00000000 00:00 0 
7f6d1b160000-7f6d1b163000 ---p 00000000 00:00 0 
7f6d1b163000-7f6d1b263000 rw-p 00000000 00:00 0 
7f6d1b263000-7f6d1b265000 r--s 00001000 09:00 10355467                   /usr/lib/jvm/java-8-openjdk-amd64/jre/lib/ext/dnsns.jar
7f6d1b265000-7f6d1b267000 r--s 00008000 09:00 10355472                   /usr/lib/jvm/java-8-openjdk-amd64/jre/lib/ext/sunec.jar
7f6d1b267000-7f6d1b269000 r--s 00007000 09:00 10098302                   /usr/share/java/java-atk-wrapper.jar
7f6d1b269000-7f6d1b26c000 r--s 00038000 09:00 10355474                   /usr/lib/jvm/java-8-openjdk-amd64/jre/lib/ext/sunpkcs11.jar
7f6d1b26c000-7f6d1b26f000 r--s 0000f000 09:00 10355468                   /usr/lib/jvm/java-8-openjdk-amd64/jre/lib/ext/icedtea-sound.jar
7f6d1b26f000-7f6d1b270000 r--s 0000a000 09:00 10355469                   /usr/lib/jvm/java-8-openjdk-amd64/jre/lib/ext/jaccess.jar
7f6d1b270000-7f6d1b27a000 r--s 00116000 09:00 10355470                   /usr/lib/jvm/java-8-openjdk-amd64/jre/lib/ext/localedata.jar
7f6d1b27a000-7f6d1b282000 rw-s 00000000 08:23 3932162                    /tmp/hsperfdata_cahao/5319
7f6d1b282000-7f6d1b283000 rw-p 00000000 00:00 0 
7f6d1b283000-7f6d1b284000 r--p 00000000 00:00 0 
7f6d1b284000-7f6d1b287000 rw-p 00000000 00:00 0 
7f6d1b287000-7f6d1b288000 r--p 00023000 09:00 28049411                   /lib/x86_64-linux-gnu/ld-2.24.so
7f6d1b288000-7f6d1b289000 rw-p 00024000 09:00 28049411                   /lib/x86_64-linux-gnu/ld-2.24.so
7f6d1b289000-7f6d1b28a000 rw-p 00000000 00:00 0 
7ffff586c000-7ffff588d000 rw-p 00000000 00:00 0                          [stack]
7ffff5897000-7ffff5899000 r--p 00000000 00:00 0                          [vvar]
7ffff5899000-7ffff589b000 r-xp 00000000 00:00 0                          [vdso]
ffffffffff600000-ffffffffff601000 r-xp 00000000 00:00 0                  [vsyscall]

VM Arguments:
java_command: VisualizeToColorGradient img/6e77593c-13be-4736-bc77-4469f2af8eb3.jpg
java_class_path (initial): .
Launcher Type: SUN_STANDARD

Environment Variables:
PATH=/usr/local/node-v8.11.3-linux-x64/bin:/usr/local/bin:/usr/bin:/bin:/usr/local/games:/usr/games
USERNAME=cahao
SHELL=/bin/bash
DISPLAY=:1

Signal Handlers:
SIGSEGV: [libjvm.so+0xa71730], sa_mask[0]=11111111011111111101111111111110, sa_flags=SA_RESTART|SA_SIGINFO
SIGBUS: [libjvm.so+0xa71730], sa_mask[0]=11111111011111111101111111111110, sa_flags=SA_RESTART|SA_SIGINFO
SIGFPE: [libjvm.so+0x8ba250], sa_mask[0]=11111111011111111101111111111110, sa_flags=SA_RESTART|SA_SIGINFO
SIGPIPE: [libjvm.so+0x8ba250], sa_mask[0]=11111111011111111101111111111110, sa_flags=SA_RESTART|SA_SIGINFO
SIGXFSZ: [libjvm.so+0x8ba250], sa_mask[0]=11111111011111111101111111111110, sa_flags=SA_RESTART|SA_SIGINFO
SIGILL: [libjvm.so+0x8ba250], sa_mask[0]=11111111011111111101111111111110, sa_flags=SA_RESTART|SA_SIGINFO
SIGUSR1: SIG_DFL, sa_mask[0]=00000000000000000000000000000000, sa_flags=none
SIGUSR2: [libjvm.so+0x8ba100], sa_mask[0]=00000000000000000000000000000000, sa_flags=SA_RESTART|SA_SIGINFO
SIGHUP: [libjvm.so+0x8ba5b0], sa_mask[0]=11111111011111111101111111111110, sa_flags=SA_RESTART|SA_SIGINFO
SIGINT: [libjvm.so+0x8ba5b0], sa_mask[0]=11111111011111111101111111111110, sa_flags=SA_RESTART|SA_SIGINFO
SIGTERM: [libjvm.so+0x8ba5b0], sa_mask[0]=11111111011111111101111111111110, sa_flags=SA_RESTART|SA_SIGINFO
SIGQUIT: [libjvm.so+0x8ba5b0], sa_mask[0]=11111111011111111101111111111110, sa_flags=SA_RESTART|SA_SIGINFO


---------------  S Y S T E M  ---------------

OS:PRETTY_NAME="Debian GNU/Linux 9 (stretch)"
NAME="Debian GNU/Linux"
VERSION_ID="9"
VERSION="9 (stretch)"
ID=debian
HOME_URL="https://www.debian.org/"
SUPPORT_URL="https://www.debian.org/support"
BUG_REPORT_URL="https://bugs.debian.org/"

uname:Linux 4.9.0-6-amd64 #1 SMP Debian 4.9.88-1+deb9u1 (2018-05-07) x86_64
libc:glibc 2.24 NPTL 2.24 
rlimit: STACK 8192k, CORE 0k, NPROC 31855, NOFILE 4096, AS infinity
load average:0.50 0.57 0.64

/proc/meminfo:
MemTotal:        8178332 kB
MemFree:         4879400 kB
MemAvailable:    6419652 kB
Buffers:          276728 kB
Cached:          1269128 kB
SwapCached:            0 kB
Active:          1800788 kB
Inactive:         921924 kB
Active(anon):     998564 kB
Inactive(anon):   236560 kB
Active(file):     802224 kB
Inactive(file):   685364 kB
Unevictable:          36 kB
Mlocked:              36 kB
SwapTotal:      46872564 kB
SwapFree:       46872564 kB
Dirty:                76 kB
Writeback:             0 kB
AnonPages:       1177068 kB
Mapped:           399684 kB
Shmem:             58160 kB
Slab:             400296 kB
SReclaimable:     357612 kB
SUnreclaim:        42684 kB
KernelStack:        9440 kB
PageTables:        30916 kB
NFS_Unstable:          0 kB
Bounce:                0 kB
WritebackTmp:          0 kB
CommitLimit:    50961728 kB
Committed_AS:    5519032 kB
VmallocTotal:   34359738367 kB
VmallocUsed:           0 kB
VmallocChunk:          0 kB
HardwareCorrupted:     0 kB
AnonHugePages:         0 kB
ShmemHugePages:        0 kB
ShmemPmdMapped:        0 kB
HugePages_Total:       0
HugePages_Free:        0
HugePages_Rsvd:        0
HugePages_Surp:        0
Hugepagesize:       2048 kB
DirectMap4k:      203712 kB
DirectMap2M:     8183808 kB


CPU:total 2 (initial active 2) (2 cores per cpu, 1 threads per core) family 6 model 23 stepping 10, cmov, cx8, fxsr, mmx, sse, sse2, sse3, ssse3, sse4.1, tsc

/proc/cpuinfo:
processor	: 0
vendor_id	: GenuineIntel
cpu family	: 6
model		: 23
model name	: Intel(R) Core(TM)2 Duo CPU     E8400  @ 3.00GHz
stepping	: 10
microcode	: 0xa07
cpu MHz		: 3000.000
cache size	: 6144 KB
physical id	: 0
siblings	: 2
core id		: 0
cpu cores	: 2
apicid		: 0
initial apicid	: 0
fpu		: yes
fpu_exception	: yes
cpuid level	: 13
wp		: yes
flags		: fpu vme de pse tsc msr pae mce cx8 apic sep mtrr pge mca cmov pat pse36 clflush dts acpi mmx fxsr sse sse2 ss ht tm pbe syscall nx lm constant_tsc arch_perfmon pebs bts rep_good nopl aperfmperf eagerfpu pni dtes64 monitor ds_cpl vmx smx est tm2 ssse3 cx16 xtpr pdcm sse4_1 xsave lahf_lm kaiser tpr_shadow vnmi flexpriority dtherm
bugs		: cpu_meltdown spectre_v1 spectre_v2
bogomips	: 6000.02
clflush size	: 64
cache_alignment	: 64
address sizes	: 36 bits physical, 48 bits virtual
power management:

processor	: 1
vendor_id	: GenuineIntel
cpu family	: 6
model		: 23
model name	: Intel(R) Core(TM)2 Duo CPU     E8400  @ 3.00GHz
stepping	: 10
microcode	: 0xa07
cpu MHz		: 3000.000
cache size	: 6144 KB
physical id	: 0
siblings	: 2
core id		: 1
cpu cores	: 2
apicid		: 1
initial apicid	: 1
fpu		: yes
fpu_exception	: yes
cpuid level	: 13
wp		: yes
flags		: fpu vme de pse tsc msr pae mce cx8 apic sep mtrr pge mca cmov pat pse36 clflush dts acpi mmx fxsr sse sse2 ss ht tm pbe syscall nx lm constant_tsc arch_perfmon pebs bts rep_good nopl aperfmperf eagerfpu pni dtes64 monitor ds_cpl vmx smx est tm2 ssse3 cx16 xtpr pdcm sse4_1 xsave lahf_lm kaiser tpr_shadow vnmi flexpriority dtherm
bugs		: cpu_meltdown spectre_v1 spectre_v2
bogomips	: 6000.02
clflush size	: 64
cache_alignment	: 64
address sizes	: 36 bits physical, 48 bits virtual
power management:



Memory: 4k page, physical 8178332k(4879400k free), swap 46872564k(46872564k free)

vm_info: OpenJDK 64-Bit Server VM (25.171-b11) for linux-amd64 JRE (1.8.0_171-8u171-b11-1~deb9u1-b11), built on Apr 27 2018 14:37:13 by "pbuilder" with gcc 6.3.0 20170516

time: Tue Jul 31 04:28:40 2018
elapsed time: 0 seconds (0d 0h 0m 0s)

